<?xml version="1.0" ?>
<coverage version="6.2" timestamp="1641546488076" lines-valid="617" lines-covered="344" line-rate="0.5575" branches-covered="0" branches-valid="0" branch-rate="0" complexity="0">
	<!-- Generated by coverage.py: https://coverage.readthedocs.io -->
	<!-- Based on https://raw.githubusercontent.com/cobertura/web/master/htdocs/xml/coverage-04.dtd -->
	<sources>
		<source>/dcworkspace/src/share_rest_api/src</source>
	</sources>
	<packages>
		<package name="." line-rate="0" branch-rate="0" complexity="0">
			<classes>
				<class name="__init__.py" filename="__init__.py" complexity="0" line-rate="1" branch-rate="0">
					<methods/>
					<lines/>
				</class>
				<class name="main.py" filename="main.py" complexity="0" line-rate="0" branch-rate="0">
					<methods/>
					<lines>
						<line number="2" hits="0"/>
						<line number="4" hits="0"/>
						<line number="5" hits="0"/>
						<line number="6" hits="0"/>
						<line number="8" hits="0"/>
						<line number="10" hits="0"/>
						<line number="11" hits="0"/>
					</lines>
				</class>
			</classes>
		</package>
		<package name="shared_code" line-rate="0.5639" branch-rate="0" complexity="0">
			<classes>
				<class name="__init__.py" filename="shared_code/__init__.py" complexity="0" line-rate="1" branch-rate="0">
					<methods/>
					<lines/>
				</class>
				<class name="app.py" filename="shared_code/app.py" complexity="0" line-rate="0.9844" branch-rate="0">
					<methods/>
					<lines>
						<line number="1" hits="1"/>
						<line number="2" hits="1"/>
						<line number="4" hits="1"/>
						<line number="5" hits="1"/>
						<line number="6" hits="1"/>
						<line number="7" hits="1"/>
						<line number="8" hits="1"/>
						<line number="9" hits="1"/>
						<line number="10" hits="1"/>
						<line number="11" hits="1"/>
						<line number="13" hits="1"/>
						<line number="15" hits="1"/>
						<line number="17" hits="1"/>
						<line number="24" hits="1"/>
						<line number="26" hits="1"/>
						<line number="29" hits="1"/>
						<line number="31" hits="1"/>
						<line number="34" hits="1"/>
						<line number="36" hits="0"/>
						<line number="39" hits="1"/>
						<line number="46" hits="1"/>
						<line number="50" hits="1"/>
						<line number="51" hits="1"/>
						<line number="54" hits="1"/>
						<line number="61" hits="1"/>
						<line number="65" hits="1"/>
						<line number="66" hits="1"/>
						<line number="69" hits="1"/>
						<line number="84" hits="1"/>
						<line number="91" hits="1"/>
						<line number="92" hits="1"/>
						<line number="93" hits="1"/>
						<line number="96" hits="1"/>
						<line number="99" hits="1"/>
						<line number="114" hits="1"/>
						<line number="126" hits="1"/>
						<line number="130" hits="1"/>
						<line number="139" hits="1"/>
						<line number="143" hits="1"/>
						<line number="146" hits="1"/>
						<line number="162" hits="1"/>
						<line number="170" hits="1"/>
						<line number="174" hits="1"/>
						<line number="177" hits="1"/>
						<line number="182" hits="1"/>
						<line number="185" hits="1"/>
						<line number="200" hits="1"/>
						<line number="206" hits="1"/>
						<line number="210" hits="1"/>
						<line number="211" hits="1"/>
						<line number="215" hits="1"/>
						<line number="218" hits="1"/>
						<line number="234" hits="1"/>
						<line number="243" hits="1"/>
						<line number="247" hits="1"/>
						<line number="250" hits="1"/>
						<line number="254" hits="1"/>
						<line number="257" hits="1"/>
						<line number="273" hits="1"/>
						<line number="282" hits="1"/>
						<line number="286" hits="1"/>
						<line number="289" hits="1"/>
						<line number="293" hits="1"/>
						<line number="296" hits="1"/>
					</lines>
				</class>
				<class name="app_timer.py" filename="shared_code/app_timer.py" complexity="0" line-rate="0" branch-rate="0">
					<methods/>
					<lines>
						<line number="1" hits="0"/>
						<line number="2" hits="0"/>
						<line number="4" hits="0"/>
						<line number="5" hits="0"/>
						<line number="6" hits="0"/>
						<line number="7" hits="0"/>
						<line number="8" hits="0"/>
						<line number="9" hits="0"/>
						<line number="10" hits="0"/>
						<line number="11" hits="0"/>
						<line number="12" hits="0"/>
						<line number="15" hits="0"/>
						<line number="17" hits="0"/>
						<line number="20" hits="0"/>
						<line number="22" hits="0"/>
						<line number="25" hits="0"/>
						<line number="27" hits="0"/>
						<line number="31" hits="0"/>
						<line number="32" hits="0"/>
						<line number="33" hits="0"/>
						<line number="34" hits="0"/>
						<line number="35" hits="0"/>
						<line number="36" hits="0"/>
						<line number="37" hits="0"/>
						<line number="38" hits="0"/>
						<line number="43" hits="0"/>
					</lines>
				</class>
				<class name="configuration_service.py" filename="shared_code/configuration_service.py" complexity="0" line-rate="0.7679" branch-rate="0">
					<methods/>
					<lines>
						<line number="1" hits="1"/>
						<line number="2" hits="1"/>
						<line number="3" hits="1"/>
						<line number="6" hits="1"/>
						<line number="30" hits="1"/>
						<line number="31" hits="0"/>
						<line number="32" hits="0"/>
						<line number="34" hits="0"/>
						<line number="35" hits="0"/>
						<line number="37" hits="1"/>
						<line number="38" hits="1"/>
						<line number="39" hits="0"/>
						<line number="40" hits="0"/>
						<line number="42" hits="1"/>
						<line number="44" hits="1"/>
						<line number="45" hits="0"/>
						<line number="47" hits="1"/>
						<line number="48" hits="0"/>
						<line number="50" hits="1"/>
						<line number="51" hits="0"/>
						<line number="53" hits="1"/>
						<line number="54" hits="0"/>
						<line number="56" hits="1"/>
						<line number="58" hits="1"/>
						<line number="60" hits="1"/>
						<line number="61" hits="1"/>
						<line number="63" hits="1"/>
						<line number="64" hits="1"/>
						<line number="66" hits="1"/>
						<line number="67" hits="1"/>
						<line number="69" hits="1"/>
						<line number="70" hits="1"/>
						<line number="72" hits="1"/>
						<line number="73" hits="1"/>
						<line number="75" hits="1"/>
						<line number="76" hits="1"/>
						<line number="78" hits="1"/>
						<line number="79" hits="1"/>
						<line number="81" hits="1"/>
						<line number="82" hits="1"/>
						<line number="84" hits="1"/>
						<line number="85" hits="1"/>
						<line number="87" hits="1"/>
						<line number="88" hits="1"/>
						<line number="90" hits="1"/>
						<line number="91" hits="1"/>
						<line number="93" hits="1"/>
						<line number="94" hits="0"/>
						<line number="96" hits="1"/>
						<line number="97" hits="0"/>
						<line number="99" hits="1"/>
						<line number="100" hits="0"/>
						<line number="102" hits="1"/>
						<line number="103" hits="1"/>
						<line number="105" hits="1"/>
						<line number="106" hits="1"/>
					</lines>
				</class>
				<class name="datashare_service.py" filename="shared_code/datashare_service.py" complexity="0" line-rate="0.192" branch-rate="0">
					<methods/>
					<lines>
						<line number="1" hits="1"/>
						<line number="3" hits="1"/>
						<line number="4" hits="1"/>
						<line number="5" hits="1"/>
						<line number="6" hits="1"/>
						<line number="8" hits="1"/>
						<line number="9" hits="1"/>
						<line number="10" hits="1"/>
						<line number="11" hits="1"/>
						<line number="22" hits="1"/>
						<line number="23" hits="1"/>
						<line number="33" hits="1"/>
						<line number="34" hits="1"/>
						<line number="35" hits="1"/>
						<line number="36" hits="1"/>
						<line number="37" hits="1"/>
						<line number="38" hits="1"/>
						<line number="39" hits="1"/>
						<line number="42" hits="1"/>
						<line number="48" hits="1"/>
						<line number="59" hits="1"/>
						<line number="60" hits="1"/>
						<line number="61" hits="1"/>
						<line number="62" hits="1"/>
						<line number="63" hits="1"/>
						<line number="64" hits="1"/>
						<line number="65" hits="1"/>
						<line number="66" hits="1"/>
						<line number="67" hits="1"/>
						<line number="72" hits="1"/>
						<line number="74" hits="0"/>
						<line number="75" hits="0"/>
						<line number="76" hits="0"/>
						<line number="79" hits="0"/>
						<line number="82" hits="0"/>
						<line number="83" hits="0"/>
						<line number="84" hits="0"/>
						<line number="89" hits="0"/>
						<line number="91" hits="1"/>
						<line number="93" hits="0"/>
						<line number="94" hits="0"/>
						<line number="95" hits="0"/>
						<line number="98" hits="0"/>
						<line number="99" hits="0"/>
						<line number="102" hits="0"/>
						<line number="104" hits="1"/>
						<line number="138" hits="0"/>
						<line number="145" hits="0"/>
						<line number="146" hits="0"/>
						<line number="147" hits="0"/>
						<line number="148" hits="0"/>
						<line number="149" hits="0"/>
						<line number="150" hits="0"/>
						<line number="151" hits="0"/>
						<line number="152" hits="0"/>
						<line number="154" hits="0"/>
						<line number="155" hits="0"/>
						<line number="156" hits="0"/>
						<line number="157" hits="0"/>
						<line number="158" hits="0"/>
						<line number="159" hits="0"/>
						<line number="161" hits="0"/>
						<line number="162" hits="0"/>
						<line number="171" hits="0"/>
						<line number="177" hits="0"/>
						<line number="192" hits="0"/>
						<line number="193" hits="0"/>
						<line number="197" hits="0"/>
						<line number="199" hits="1"/>
						<line number="238" hits="0"/>
						<line number="245" hits="0"/>
						<line number="246" hits="0"/>
						<line number="247" hits="0"/>
						<line number="248" hits="0"/>
						<line number="249" hits="0"/>
						<line number="251" hits="0"/>
						<line number="252" hits="0"/>
						<line number="253" hits="0"/>
						<line number="254" hits="0"/>
						<line number="270" hits="0"/>
						<line number="273" hits="0"/>
						<line number="274" hits="0"/>
						<line number="278" hits="0"/>
						<line number="279" hits="0"/>
						<line number="283" hits="0"/>
						<line number="285" hits="1"/>
						<line number="322" hits="0"/>
						<line number="329" hits="0"/>
						<line number="330" hits="0"/>
						<line number="331" hits="0"/>
						<line number="332" hits="0"/>
						<line number="333" hits="0"/>
						<line number="335" hits="0"/>
						<line number="336" hits="0"/>
						<line number="337" hits="0"/>
						<line number="340" hits="0"/>
						<line number="341" hits="0"/>
						<line number="347" hits="0"/>
						<line number="348" hits="0"/>
						<line number="352" hits="0"/>
						<line number="355" hits="0"/>
						<line number="356" hits="0"/>
						<line number="359" hits="0"/>
						<line number="360" hits="0"/>
						<line number="362" hits="0"/>
						<line number="363" hits="0"/>
						<line number="365" hits="0"/>
						<line number="366" hits="0"/>
						<line number="376" hits="0"/>
						<line number="379" hits="0"/>
						<line number="405" hits="0"/>
						<line number="432" hits="0"/>
						<line number="433" hits="0"/>
						<line number="437" hits="0"/>
						<line number="438" hits="0"/>
						<line number="442" hits="0"/>
						<line number="444" hits="1"/>
						<line number="456" hits="0"/>
						<line number="459" hits="0"/>
						<line number="460" hits="0"/>
						<line number="462" hits="1"/>
						<line number="466" hits="0"/>
						<line number="467" hits="0"/>
						<line number="468" hits="0"/>
						<line number="471" hits="0"/>
						<line number="472" hits="0"/>
						<line number="473" hits="0"/>
						<line number="479" hits="0"/>
						<line number="483" hits="0"/>
						<line number="484" hits="0"/>
						<line number="486" hits="1"/>
						<line number="498" hits="0"/>
						<line number="500" hits="0"/>
						<line number="501" hits="0"/>
						<line number="504" hits="0"/>
						<line number="505" hits="0"/>
						<line number="506" hits="0"/>
						<line number="507" hits="0"/>
						<line number="515" hits="0"/>
						<line number="522" hits="0"/>
						<line number="524" hits="1"/>
						<line number="534" hits="0"/>
						<line number="536" hits="0"/>
						<line number="537" hits="0"/>
						<line number="540" hits="0"/>
						<line number="541" hits="0"/>
						<line number="542" hits="0"/>
						<line number="543" hits="0"/>
						<line number="544" hits="0"/>
						<line number="547" hits="0"/>
						<line number="554" hits="0"/>
						<line number="555" hits="0"/>
						<line number="556" hits="0"/>
						<line number="558" hits="1"/>
						<line number="562" hits="0"/>
						<line number="564" hits="0"/>
						<line number="565" hits="0"/>
						<line number="568" hits="0"/>
						<line number="569" hits="0"/>
						<line number="570" hits="0"/>
						<line number="572" hits="1"/>
						<line number="576" hits="0"/>
						<line number="577" hits="0"/>
						<line number="580" hits="0"/>
						<line number="581" hits="0"/>
						<line number="582" hits="0"/>
						<line number="583" hits="0"/>
						<line number="584" hits="0"/>
						<line number="586" hits="1"/>
						<line number="590" hits="0"/>
						<line number="591" hits="0"/>
						<line number="592" hits="0"/>
						<line number="593" hits="0"/>
						<line number="595" hits="0"/>
						<line number="597" hits="1"/>
						<line number="603" hits="0"/>
						<line number="604" hits="0"/>
						<line number="605" hits="0"/>
						<line number="606" hits="0"/>
						<line number="609" hits="0"/>
						<line number="610" hits="0"/>
						<line number="613" hits="0"/>
						<line number="614" hits="0"/>
						<line number="615" hits="0"/>
						<line number="616" hits="0"/>
						<line number="617" hits="0"/>
						<line number="619" hits="0"/>
						<line number="620" hits="0"/>
						<line number="621" hits="0"/>
						<line number="624" hits="0"/>
						<line number="625" hits="0"/>
						<line number="630" hits="0"/>
						<line number="639" hits="0"/>
						<line number="640" hits="0"/>
						<line number="641" hits="0"/>
						<line number="643" hits="0"/>
						<line number="645" hits="1"/>
						<line number="649" hits="0"/>
						<line number="650" hits="0"/>
						<line number="651" hits="0"/>
						<line number="652" hits="0"/>
						<line number="655" hits="0"/>
						<line number="656" hits="0"/>
						<line number="657" hits="0"/>
						<line number="658" hits="0"/>
						<line number="659" hits="0"/>
						<line number="660" hits="0"/>
						<line number="661" hits="0"/>
						<line number="663" hits="1"/>
						<line number="676" hits="0"/>
						<line number="678" hits="0"/>
						<line number="680" hits="0"/>
						<line number="683" hits="0"/>
						<line number="684" hits="0"/>
						<line number="685" hits="0"/>
						<line number="687" hits="0"/>
						<line number="695" hits="0"/>
						<line number="702" hits="0"/>
						<line number="704" hits="1"/>
						<line number="709" hits="0"/>
						<line number="711" hits="0"/>
						<line number="712" hits="0"/>
						<line number="718" hits="0"/>
						<line number="719" hits="0"/>
						<line number="720" hits="0"/>
						<line number="721" hits="0"/>
						<line number="723" hits="0"/>
						<line number="724" hits="0"/>
						<line number="726" hits="1"/>
						<line number="730" hits="0"/>
						<line number="732" hits="0"/>
						<line number="733" hits="0"/>
						<line number="738" hits="0"/>
						<line number="740" hits="0"/>
						<line number="741" hits="0"/>
						<line number="742" hits="0"/>
						<line number="744" hits="1"/>
						<line number="764" hits="0"/>
						<line number="771" hits="0"/>
						<line number="772" hits="0"/>
						<line number="779" hits="0"/>
						<line number="786" hits="0"/>
						<line number="794" hits="0"/>
						<line number="803" hits="0"/>
						<line number="805" hits="1"/>
						<line number="826" hits="0"/>
						<line number="833" hits="0"/>
						<line number="840" hits="0"/>
						<line number="848" hits="0"/>
						<line number="856" hits="0"/>
					</lines>
				</class>
				<class name="log_service.py" filename="shared_code/log_service.py" complexity="0" line-rate="0.8889" branch-rate="0">
					<methods/>
					<lines>
						<line number="1" hits="1"/>
						<line number="2" hits="1"/>
						<line number="5" hits="1"/>
						<line number="6" hits="1"/>
						<line number="7" hits="1"/>
						<line number="8" hits="1"/>
						<line number="9" hits="1"/>
						<line number="10" hits="1"/>
						<line number="11" hits="1"/>
						<line number="14" hits="1"/>
						<line number="19" hits="1"/>
						<line number="20" hits="0"/>
						<line number="25" hits="1"/>
						<line number="26" hits="1"/>
						<line number="31" hits="1"/>
						<line number="32" hits="0"/>
						<line number="37" hits="1"/>
						<line number="38" hits="1"/>
					</lines>
				</class>
				<class name="models.py" filename="shared_code/models.py" complexity="0" line-rate="1" branch-rate="0">
					<methods/>
					<lines>
						<line number="1" hits="1"/>
						<line number="2" hits="1"/>
						<line number="4" hits="1"/>
						<line number="7" hits="1"/>
						<line number="8" hits="1"/>
						<line number="9" hits="1"/>
						<line number="10" hits="1"/>
						<line number="11" hits="1"/>
						<line number="14" hits="1"/>
						<line number="15" hits="1"/>
						<line number="16" hits="1"/>
						<line number="17" hits="1"/>
						<line number="18" hits="1"/>
						<line number="19" hits="1"/>
						<line number="22" hits="1"/>
						<line number="23" hits="1"/>
						<line number="24" hits="1"/>
						<line number="25" hits="1"/>
						<line number="26" hits="1"/>
						<line number="27" hits="1"/>
						<line number="28" hits="1"/>
						<line number="29" hits="1"/>
						<line number="32" hits="1"/>
						<line number="33" hits="1"/>
						<line number="34" hits="1"/>
						<line number="35" hits="1"/>
						<line number="38" hits="1"/>
						<line number="39" hits="1"/>
						<line number="40" hits="1"/>
						<line number="41" hits="1"/>
						<line number="42" hits="1"/>
						<line number="43" hits="1"/>
						<line number="46" hits="1"/>
						<line number="47" hits="1"/>
						<line number="48" hits="1"/>
						<line number="49" hits="1"/>
						<line number="52" hits="1"/>
						<line number="53" hits="1"/>
						<line number="54" hits="1"/>
						<line number="55" hits="1"/>
						<line number="58" hits="1"/>
						<line number="59" hits="1"/>
						<line number="60" hits="1"/>
						<line number="61" hits="1"/>
						<line number="62" hits="1"/>
						<line number="65" hits="1"/>
						<line number="66" hits="1"/>
						<line number="67" hits="1"/>
						<line number="68" hits="1"/>
						<line number="69" hits="1"/>
						<line number="70" hits="1"/>
						<line number="73" hits="1"/>
						<line number="74" hits="1"/>
						<line number="75" hits="1"/>
						<line number="76" hits="1"/>
						<line number="77" hits="1"/>
						<line number="80" hits="1"/>
						<line number="81" hits="1"/>
						<line number="82" hits="1"/>
						<line number="83" hits="1"/>
						<line number="84" hits="1"/>
						<line number="85" hits="1"/>
						<line number="86" hits="1"/>
						<line number="87" hits="1"/>
						<line number="90" hits="1"/>
						<line number="91" hits="1"/>
						<line number="92" hits="1"/>
						<line number="93" hits="1"/>
						<line number="94" hits="1"/>
						<line number="95" hits="1"/>
						<line number="96" hits="1"/>
					</lines>
				</class>
				<class name="share_service.py" filename="shared_code/share_service.py" complexity="0" line-rate="0.824" branch-rate="0">
					<methods/>
					<lines>
						<line number="1" hits="1"/>
						<line number="2" hits="1"/>
						<line number="3" hits="1"/>
						<line number="4" hits="1"/>
						<line number="6" hits="1"/>
						<line number="7" hits="1"/>
						<line number="8" hits="1"/>
						<line number="9" hits="1"/>
						<line number="10" hits="1"/>
						<line number="11" hits="1"/>
						<line number="21" hits="1"/>
						<line number="23" hits="1"/>
						<line number="26" hits="1"/>
						<line number="28" hits="1"/>
						<line number="31" hits="1"/>
						<line number="33" hits="1"/>
						<line number="41" hits="1"/>
						<line number="44" hits="1"/>
						<line number="46" hits="0"/>
						<line number="47" hits="0"/>
						<line number="49" hits="0"/>
						<line number="50" hits="0"/>
						<line number="52" hits="1"/>
						<line number="54" hits="0"/>
						<line number="55" hits="0"/>
						<line number="56" hits="0"/>
						<line number="58" hits="0"/>
						<line number="60" hits="1"/>
						<line number="62" hits="1"/>
						<line number="63" hits="1"/>
						<line number="64" hits="1"/>
						<line number="65" hits="0"/>
						<line number="66" hits="1"/>
						<line number="67" hits="0"/>
						<line number="68" hits="1"/>
						<line number="69" hits="1"/>
						<line number="70" hits="1"/>
						<line number="72" hits="1"/>
						<line number="74" hits="0"/>
						<line number="75" hits="0"/>
						<line number="77" hits="1"/>
						<line number="79" hits="1"/>
						<line number="80" hits="1"/>
						<line number="84" hits="1"/>
						<line number="87" hits="1"/>
						<line number="90" hits="1"/>
						<line number="94" hits="1"/>
						<line number="104" hits="1"/>
						<line number="105" hits="1"/>
						<line number="106" hits="1"/>
						<line number="107" hits="1"/>
						<line number="108" hits="1"/>
						<line number="112" hits="1"/>
						<line number="119" hits="1"/>
						<line number="124" hits="1"/>
						<line number="125" hits="1"/>
						<line number="127" hits="1"/>
						<line number="128" hits="0"/>
						<line number="129" hits="0"/>
						<line number="130" hits="0"/>
						<line number="132" hits="1"/>
						<line number="138" hits="1"/>
						<line number="139" hits="1"/>
						<line number="140" hits="1"/>
						<line number="141" hits="1"/>
						<line number="142" hits="1"/>
						<line number="145" hits="1"/>
						<line number="149" hits="1"/>
						<line number="150" hits="1"/>
						<line number="151" hits="1"/>
						<line number="152" hits="1"/>
						<line number="154" hits="1"/>
						<line number="165" hits="1"/>
						<line number="166" hits="1"/>
						<line number="167" hits="1"/>
						<line number="168" hits="0"/>
						<line number="169" hits="0"/>
						<line number="175" hits="1"/>
						<line number="204" hits="1"/>
						<line number="205" hits="1"/>
						<line number="206" hits="1"/>
						<line number="207" hits="1"/>
						<line number="208" hits="1"/>
						<line number="211" hits="1"/>
						<line number="215" hits="1"/>
						<line number="216" hits="1"/>
						<line number="217" hits="1"/>
						<line number="218" hits="1"/>
						<line number="220" hits="1"/>
						<line number="231" hits="1"/>
						<line number="232" hits="1"/>
						<line number="233" hits="1"/>
						<line number="234" hits="0"/>
						<line number="235" hits="0"/>
						<line number="241" hits="1"/>
						<line number="254" hits="1"/>
						<line number="255" hits="1"/>
						<line number="258" hits="1"/>
						<line number="261" hits="1"/>
						<line number="264" hits="1"/>
						<line number="272" hits="1"/>
						<line number="280" hits="1"/>
						<line number="290" hits="1"/>
						<line number="291" hits="1"/>
						<line number="292" hits="1"/>
						<line number="293" hits="0"/>
						<line number="294" hits="0"/>
						<line number="300" hits="1"/>
						<line number="313" hits="1"/>
						<line number="314" hits="1"/>
						<line number="315" hits="1"/>
						<line number="316" hits="1"/>
						<line number="317" hits="1"/>
						<line number="320" hits="1"/>
						<line number="321" hits="1"/>
						<line number="322" hits="1"/>
						<line number="323" hits="1"/>
						<line number="324" hits="1"/>
						<line number="327" hits="1"/>
						<line number="328" hits="1"/>
						<line number="331" hits="1"/>
						<line number="332" hits="1"/>
						<line number="333" hits="0"/>
						<line number="334" hits="1"/>
						<line number="335" hits="1"/>
					</lines>
				</class>
			</classes>
		</package>
	</packages>
</coverage>
