<?xml version="1.0" encoding="utf-8"?><testsuites><testsuite name="pytest" errors="0" failures="0" skipped="0" tests="15" time="0.895" timestamp="2022-01-03T14:07:02.557216" hostname="e2b0ed336692"><testcase classname="tests.test_share" name="test_version" time="0.012" /><testcase classname="tests.test_share" name="test_time" time="0.004" /><testcase classname="tests.test_share" name="test_create_share[True-True-200]" time="0.008" /><testcase classname="tests.test_share" name="test_create_share[True-False-500]" time="0.008" /><testcase classname="tests.test_share" name="test_get_share[True-True-200]" time="0.007" /><testcase classname="tests.test_share" name="test_get_share[True-False-500]" time="0.008" /><testcase classname="tests.test_share" name="test_get_consume[True-True-200]" time="0.008" /><testcase classname="tests.test_share" name="test_get_consume[True-False-500]" time="0.006" /><testcase classname="tests.test_share" name="test_shareconsume[True-True-200]" time="0.008" /><testcase classname="tests.test_share" name="test_shareconsume[True-False-500]" time="0.007" /><testcase classname="tests.test_share" name="test_get_shareconsume[False-200]" time="0.006" /><testcase classname="tests.test_share" name="test_get_shareconsume[True-500]" time="0.005" /><testcase classname="tests.test_share" name="test_consumeshare[True-True-200]" time="0.007" /><testcase classname="tests.test_share" name="test_consumeshare[True-False-500]" time="0.006" /><testcase classname="tests.test_share" name="test_register_node" time="0.002" /></testsuite></testsuites>