<?xml version="1.0" encoding="utf-8"?><testsuites><testsuite name="pytest" errors="0" failures="0" skipped="0" tests="6" time="0.644" timestamp="2022-01-07T09:08:05.329012" hostname="8919b61aff79"><testcase classname="tests.test_registry" name="test_version" time="0.008" /><testcase classname="tests.test_registry" name="test_time" time="0.004" /><testcase classname="tests.test_registry" name="test_register_node" time="0.005" /><testcase classname="tests.test_registry" name="test_get_nodes" time="0.005" /><testcase classname="tests.test_registry" name="test_get_node" time="0.005" /><testcase classname="tests.test_registry" name="test_shareconsume" time="0.006" /></testsuite></testsuites>