<?xml version="1.0" encoding="utf-8"?><testsuites><testsuite name="pytest" errors="0" failures="0" skipped="0" tests="6" time="0.575" timestamp="2022-01-03T14:07:00.364461" hostname="e2b0ed336692"><testcase classname="tests.test_registry" name="test_version" time="0.011" /><testcase classname="tests.test_registry" name="test_time" time="0.004" /><testcase classname="tests.test_registry" name="test_register_node" time="0.007" /><testcase classname="tests.test_registry" name="test_get_nodes" time="0.005" /><testcase classname="tests.test_registry" name="test_get_node" time="0.005" /><testcase classname="tests.test_registry" name="test_shareconsume" time="0.007" /></testsuite></testsuites>