<?xml version="1.0" encoding="utf-8"?><testsuites><testsuite name="pytest" errors="0" failures="0" skipped="0" tests="12" time="274.150" timestamp="2022-01-10T09:46:11.053462" hostname="d2063a67a503"><testcase classname="test_datashare" name="test_copy_input_file" time="2.168" /><testcase classname="test_datashare" name="test_trigger_share" time="4.113" /><testcase classname="test_datashare" name="test_get_share_status" time="0.687" /><testcase classname="test_datashare" name="test_trigger_consume" time="8.168" /><testcase classname="test_datashare" name="test_wait_for_consume_completion" time="124.469" /><testcase classname="test_datashare" name="test_get_share_invitation_list_empty" time="0.778" /><testcase classname="test_datashare" name="test_check_received_file" time="1.059" /><testcase classname="test_datashare" name="test_shareconsume_copy_input_file" time="1.025" /><testcase classname="test_datashare" name="test_shareconsume_trigger_shareconsume" time="1.311" /><testcase classname="test_datashare" name="test_shareconsume_get_shareconsume" time="4.182" /><testcase classname="test_datashare" name="test_shareconsume_wait_for_consume_completion" time="124.709" /><testcase classname="test_datashare" name="test_shareconsume_check_received_file" time="0.945" /></testsuite></testsuites>