<?xml version="1.0" encoding="utf-8"?><testsuites><testsuite name="pytest" errors="0" failures="0" skipped="0" tests="12" time="310.088" timestamp="2022-01-03T20:22:24.978922" hostname="e2b0ed336692"><testcase classname="test_datashare" name="test_copy_input_file" time="2.221" /><testcase classname="test_datashare" name="test_trigger_share" time="4.544" /><testcase classname="test_datashare" name="test_get_share_status" time="1.307" /><testcase classname="test_datashare" name="test_trigger_consume" time="8.342" /><testcase classname="test_datashare" name="test_wait_for_consume_completion" time="150.558" /><testcase classname="test_datashare" name="test_get_share_invitation_list_empty" time="1.247" /><testcase classname="test_datashare" name="test_check_received_file" time="1.503" /><testcase classname="test_datashare" name="test_shareconsume_copy_input_file" time="1.897" /><testcase classname="test_datashare" name="test_shareconsume_trigger_shareconsume" time="1.755" /><testcase classname="test_datashare" name="test_shareconsume_get_shareconsume" time="4.443" /><testcase classname="test_datashare" name="test_shareconsume_wait_for_consume_completion" time="128.498" /><testcase classname="test_datashare" name="test_shareconsume_check_received_file" time="2.997" /></testsuite></testsuites>